<?xml version="1.0" encoding="UTF-8"?>
<robot generator="Robot 3.2.2 (Python 3.8.0 on linux)" generated="20201124 20:46:24.540" rpa="false">
<suite id="s1" name="Tests" source="/tests">
<suite id="s1-s1" name="Test1PUT" source="/tests/Test1PUT.robot">
<test id="s1-s1-t1" name="TestPost200">
<kw name="Create Session" library="RequestsLibrary">
<doc>Create Session: create a HTTP session to a server</doc>
<arguments>
<arg>localhost</arg>
<arg>http://localhost:8080</arg>
</arguments>
<msg timestamp="20201124 20:46:24.615" level="INFO">Creating Session using : alias=localhost, url=http://localhost:8080, headers={},                     cookies={}, auth=None, timeout=None, proxies=None, verify=False,                     debug=0 </msg>
<status status="PASS" starttime="20201124 20:46:24.615" endtime="20201124 20:46:24.616"></status>
</kw>
<kw name="Create Dictionary" library="BuiltIn">
<doc>Creates and returns a dictionary based on the given ``items``.</doc>
<arguments>
<arg>Content-Type=application/json</arg>
</arguments>
<assign>
<var>${headers}</var>
</assign>
<msg timestamp="20201124 20:46:24.616" level="INFO">${headers} = {'Content-Type': 'application/json'}</msg>
<status status="PASS" starttime="20201124 20:46:24.616" endtime="20201124 20:46:24.616"></status>
</kw>
<kw name="Create List" library="BuiltIn">
<doc>Returns a list containing given items.</doc>
<arguments>
<arg>a2</arg>
<arg>test</arg>
</arguments>
<assign>
<var>${list}</var>
</assign>
<msg timestamp="20201124 20:46:24.616" level="INFO">${list} = ['a2', 'test']</msg>
<status status="PASS" starttime="20201124 20:46:24.616" endtime="20201124 20:46:24.616"></status>
</kw>
<kw name="Create Dictionary" library="BuiltIn">
<doc>Creates and returns a dictionary based on the given ``items``.</doc>
<arguments>
<arg>title=Emma Stone</arg>
<arg>author=Jake Peralta</arg>
<arg>content=some content</arg>
<arg>tags=${list}</arg>
</arguments>
<assign>
<var>${params}</var>
</assign>
<msg timestamp="20201124 20:46:24.617" level="INFO">${params} = {'title': 'Emma Stone', 'author': 'Jake Peralta', 'content': 'some content', 'tags': ['a2', 'test']}</msg>
<status status="PASS" starttime="20201124 20:46:24.616" endtime="20201124 20:46:24.617"></status>
</kw>
<kw name="Put Request" library="RequestsLibrary">
<doc>Send a PUT request on the session object found using the
given `alias`</doc>
<arguments>
<arg>localhost</arg>
<arg>/api/v1/post</arg>
<arg>data=${params}</arg>
<arg>headers=${headers}</arg>
</arguments>
<assign>
<var>${resp}</var>
</assign>
<msg timestamp="20201124 20:46:26.181" level="INFO">PUT Request : url=http://localhost:8080/api/v1/post 
 path_url=/api/v1/post 
 headers={'User-Agent': 'python-requests/2.25.0', 'Accept-Encoding': 'gzip, deflate', 'Accept': '*/*', 'Connection': 'keep-alive', 'Content-Type': 'application/json', 'Content-Length': '100'} 
 body={"title": "Emma Stone", "author": "Jake Peralta", "content": "some content", "tags": ["a2", "test"]} 
 </msg>
<msg timestamp="20201124 20:46:26.181" level="INFO">PUT Response : url=http://localhost:8080/api/v1/post 
 status=200, reason=OK 
 body={"_id": "5fbd71207551d4061e4023b5"} 
 </msg>
<msg timestamp="20201124 20:46:26.181" level="INFO">${resp} = &lt;Response [200]&gt;</msg>
<status status="PASS" starttime="20201124 20:46:24.617" endtime="20201124 20:46:26.181"></status>
</kw>
<kw name="Should Be Equal As Strings" library="BuiltIn">
<doc>Fails if objects are unequal after converting them to strings.</doc>
<arguments>
<arg>${resp.status_code}</arg>
<arg>200</arg>
</arguments>
<msg timestamp="20201124 20:46:26.181" level="INFO">Argument types are:
&lt;class 'int'&gt;
&lt;type 'unicode'&gt;</msg>
<status status="PASS" starttime="20201124 20:46:26.181" endtime="20201124 20:46:26.181"></status>
</kw>
<kw name="Dictionary Should Contain Key" library="Collections">
<doc>Fails if ``key`` is not found from ``dictionary``.</doc>
<arguments>
<arg>${resp.json()}</arg>
<arg>_id</arg>
</arguments>
<status status="PASS" starttime="20201124 20:46:26.182" endtime="20201124 20:46:26.182"></status>
</kw>
<status status="PASS" starttime="20201124 20:46:24.615" endtime="20201124 20:46:26.182" critical="yes"></status>
</test>
<test id="s1-s1-t2" name="TestPost400">
<kw name="Create Session" library="RequestsLibrary">
<doc>Create Session: create a HTTP session to a server</doc>
<arguments>
<arg>localhost</arg>
<arg>http://localhost:8080</arg>
</arguments>
<msg timestamp="20201124 20:46:26.183" level="INFO">Creating Session using : alias=localhost, url=http://localhost:8080, headers={},                     cookies={}, auth=None, timeout=None, proxies=None, verify=False,                     debug=0 </msg>
<status status="PASS" starttime="20201124 20:46:26.183" endtime="20201124 20:46:26.183"></status>
</kw>
<kw name="Create Dictionary" library="BuiltIn">
<doc>Creates and returns a dictionary based on the given ``items``.</doc>
<arguments>
<arg>Content-Type=application/json</arg>
</arguments>
<assign>
<var>${headers}</var>
</assign>
<msg timestamp="20201124 20:46:26.184" level="INFO">${headers} = {'Content-Type': 'application/json'}</msg>
<status status="PASS" starttime="20201124 20:46:26.184" endtime="20201124 20:46:26.184"></status>
</kw>
<kw name="Create List" library="BuiltIn">
<doc>Returns a list containing given items.</doc>
<arguments>
<arg>a2</arg>
<arg>test</arg>
</arguments>
<assign>
<var>${list}</var>
</assign>
<msg timestamp="20201124 20:46:26.184" level="INFO">${list} = ['a2', 'test']</msg>
<status status="PASS" starttime="20201124 20:46:26.184" endtime="20201124 20:46:26.184"></status>
</kw>
<kw name="Create Dictionary" library="BuiltIn">
<doc>Creates and returns a dictionary based on the given ``items``.</doc>
<arguments>
<arg>title=Emma Stone</arg>
<arg>content=some content</arg>
<arg>tags=${list}</arg>
</arguments>
<assign>
<var>${params}</var>
</assign>
<msg timestamp="20201124 20:46:26.184" level="INFO">${params} = {'title': 'Emma Stone', 'content': 'some content', 'tags': ['a2', 'test']}</msg>
<status status="PASS" starttime="20201124 20:46:26.184" endtime="20201124 20:46:26.184"></status>
</kw>
<kw name="Put Request" library="RequestsLibrary">
<doc>Send a PUT request on the session object found using the
given `alias`</doc>
<arguments>
<arg>localhost</arg>
<arg>/api/v1/post</arg>
<arg>data=${params}</arg>
<arg>headers=${headers}</arg>
</arguments>
<assign>
<var>${resp}</var>
</assign>
<msg timestamp="20201124 20:46:26.187" level="INFO">PUT Request : url=http://localhost:8080/api/v1/post 
 path_url=/api/v1/post 
 headers={'User-Agent': 'python-requests/2.25.0', 'Accept-Encoding': 'gzip, deflate', 'Accept': '*/*', 'Connection': 'keep-alive', 'Content-Type': 'application/json', 'Content-Length': '74'} 
 body={"title": "Emma Stone", "content": "some content", "tags": ["a2", "test"]} 
 </msg>
<msg timestamp="20201124 20:46:26.187" level="INFO">PUT Response : url=http://localhost:8080/api/v1/post 
 status=400, reason=Bad Request 
 body=None 
 </msg>
<msg timestamp="20201124 20:46:26.187" level="INFO">${resp} = &lt;Response [400]&gt;</msg>
<status status="PASS" starttime="20201124 20:46:26.185" endtime="20201124 20:46:26.187"></status>
</kw>
<kw name="Should Be Equal As Strings" library="BuiltIn">
<doc>Fails if objects are unequal after converting them to strings.</doc>
<arguments>
<arg>${resp.status_code}</arg>
<arg>400</arg>
</arguments>
<msg timestamp="20201124 20:46:26.187" level="INFO">Argument types are:
&lt;class 'int'&gt;
&lt;type 'unicode'&gt;</msg>
<status status="PASS" starttime="20201124 20:46:26.187" endtime="20201124 20:46:26.188"></status>
</kw>
<status status="PASS" starttime="20201124 20:46:26.182" endtime="20201124 20:46:26.188" critical="yes"></status>
</test>
<status status="PASS" starttime="20201124 20:46:24.558" endtime="20201124 20:46:26.188"></status>
</suite>
<suite id="s1-s2" name="Test2GET" source="/tests/Test2GET.robot">
<test id="s1-s2-t1" name="TestPost200Title">
<kw name="Create Session" library="RequestsLibrary">
<doc>Create Session: create a HTTP session to a server</doc>
<arguments>
<arg>localhost</arg>
<arg>http://localhost:8080</arg>
</arguments>
<msg timestamp="20201124 20:46:26.192" level="INFO">Creating Session using : alias=localhost, url=http://localhost:8080, headers={},                     cookies={}, auth=None, timeout=None, proxies=None, verify=False,                     debug=0 </msg>
<status status="PASS" starttime="20201124 20:46:26.192" endtime="20201124 20:46:26.192"></status>
</kw>
<kw name="Create Dictionary" library="BuiltIn">
<doc>Creates and returns a dictionary based on the given ``items``.</doc>
<arguments>
<arg>Content-Type=application/json</arg>
</arguments>
<assign>
<var>${headers}</var>
</assign>
<msg timestamp="20201124 20:46:26.192" level="INFO">${headers} = {'Content-Type': 'application/json'}</msg>
<status status="PASS" starttime="20201124 20:46:26.192" endtime="20201124 20:46:26.192"></status>
</kw>
<kw name="Create Dictionary" library="BuiltIn">
<doc>Creates and returns a dictionary based on the given ``items``.</doc>
<arguments>
<arg>title=Emma Stone</arg>
</arguments>
<assign>
<var>${params}</var>
</assign>
<msg timestamp="20201124 20:46:26.193" level="INFO">${params} = {'title': 'Emma Stone'}</msg>
<status status="PASS" starttime="20201124 20:46:26.193" endtime="20201124 20:46:26.193"></status>
</kw>
<kw name="Get Request" library="RequestsLibrary">
<doc>Send a GET request on the session object found using the
given `alias`</doc>
<arguments>
<arg>localhost</arg>
<arg>/api/v1/post</arg>
<arg>json=${params}</arg>
<arg>headers=${headers}</arg>
</arguments>
<assign>
<var>${resp}</var>
</assign>
<msg timestamp="20201124 20:46:26.216" level="INFO">GET Request : url=http://localhost:8080/api/v1/post 
 path_url=/api/v1/post 
 headers={'User-Agent': 'python-requests/2.25.0', 'Accept-Encoding': 'gzip, deflate', 'Accept': '*/*', 'Connection': 'keep-alive', 'Content-Type': 'application/json', 'Content-Length': '23'} 
 body=b'{"title": "Emma Stone"}' 
 </msg>
<msg timestamp="20201124 20:46:26.217" level="INFO">GET Response : url=http://localhost:8080/api/v1/post 
 status=200, reason=OK 
 body=[{"_id": {"$oid": "5fbd71207551d4061e4023b5"}, "title": "Emma Stone", "author": "Jake Peralta", "content": "some content", "tags": ["a2", "test"]}] 
 </msg>
<msg timestamp="20201124 20:46:26.217" level="INFO">${resp} = &lt;Response [200]&gt;</msg>
<status status="PASS" starttime="20201124 20:46:26.193" endtime="20201124 20:46:26.217"></status>
</kw>
<kw name="Should Be Equal As Strings" library="BuiltIn">
<doc>Fails if objects are unequal after converting them to strings.</doc>
<arguments>
<arg>${resp.status_code}</arg>
<arg>200</arg>
</arguments>
<msg timestamp="20201124 20:46:26.217" level="INFO">Argument types are:
&lt;class 'int'&gt;
&lt;type 'unicode'&gt;</msg>
<status status="PASS" starttime="20201124 20:46:26.217" endtime="20201124 20:46:26.217"></status>
</kw>
<status status="PASS" starttime="20201124 20:46:26.191" endtime="20201124 20:46:26.217" critical="yes"></status>
</test>
<test id="s1-s2-t2" name="TestPost200ID">
<kw name="Create Session" library="RequestsLibrary">
<doc>Create Session: create a HTTP session to a server</doc>
<arguments>
<arg>localhost</arg>
<arg>http://localhost:8080</arg>
</arguments>
<msg timestamp="20201124 20:46:26.218" level="INFO">Creating Session using : alias=localhost, url=http://localhost:8080, headers={},                     cookies={}, auth=None, timeout=None, proxies=None, verify=False,                     debug=0 </msg>
<status status="PASS" starttime="20201124 20:46:26.218" endtime="20201124 20:46:26.218"></status>
</kw>
<kw name="Create Dictionary" library="BuiltIn">
<doc>Creates and returns a dictionary based on the given ``items``.</doc>
<arguments>
<arg>Content-Type=application/json</arg>
</arguments>
<assign>
<var>${headers}</var>
</assign>
<msg timestamp="20201124 20:46:26.219" level="INFO">${headers} = {'Content-Type': 'application/json'}</msg>
<status status="PASS" starttime="20201124 20:46:26.218" endtime="20201124 20:46:26.219"></status>
</kw>
<kw name="Create List" library="BuiltIn">
<doc>Returns a list containing given items.</doc>
<arguments>
<arg>a2</arg>
<arg>test</arg>
</arguments>
<assign>
<var>${list}</var>
</assign>
<msg timestamp="20201124 20:46:26.219" level="INFO">${list} = ['a2', 'test']</msg>
<status status="PASS" starttime="20201124 20:46:26.219" endtime="20201124 20:46:26.219"></status>
</kw>
<kw name="Create Dictionary" library="BuiltIn">
<doc>Creates and returns a dictionary based on the given ``items``.</doc>
<arguments>
<arg>title=Emma Stone2</arg>
<arg>author=Jake Peralta</arg>
<arg>content=some content</arg>
<arg>tags=${list}</arg>
</arguments>
<assign>
<var>${params}</var>
</assign>
<msg timestamp="20201124 20:46:26.219" level="INFO">${params} = {'title': 'Emma Stone2', 'author': 'Jake Peralta', 'content': 'some content', 'tags': ['a2', 'test']}</msg>
<status status="PASS" starttime="20201124 20:46:26.219" endtime="20201124 20:46:26.219"></status>
</kw>
<kw name="Put Request" library="RequestsLibrary">
<doc>Send a PUT request on the session object found using the
given `alias`</doc>
<arguments>
<arg>localhost</arg>
<arg>/api/v1/post</arg>
<arg>data=${params}</arg>
<arg>headers=${headers}</arg>
</arguments>
<assign>
<var>${resp}</var>
</assign>
<msg timestamp="20201124 20:46:26.222" level="INFO">PUT Request : url=http://localhost:8080/api/v1/post 
 path_url=/api/v1/post 
 headers={'User-Agent': 'python-requests/2.25.0', 'Accept-Encoding': 'gzip, deflate', 'Accept': '*/*', 'Connection': 'keep-alive', 'Content-Type': 'application/json', 'Content-Length': '101'} 
 body={"title": "Emma Stone2", "author": "Jake Peralta", "content": "some content", "tags": ["a2", "test"]} 
 </msg>
<msg timestamp="20201124 20:46:26.222" level="INFO">PUT Response : url=http://localhost:8080/api/v1/post 
 status=200, reason=OK 
 body={"_id": "5fbd71227551d4061e4023b6"} 
 </msg>
<msg timestamp="20201124 20:46:26.222" level="INFO">${resp} = &lt;Response [200]&gt;</msg>
<status status="PASS" starttime="20201124 20:46:26.219" endtime="20201124 20:46:26.222"></status>
</kw>
<kw name="To Json" library="RequestsLibrary">
<doc>Convert a string to a JSON object</doc>
<arguments>
<arg>${resp.content}</arg>
</arguments>
<assign>
<var>${jsondata}</var>
</assign>
<msg timestamp="20201124 20:46:26.223" level="INFO">To JSON using : content={"_id": "5fbd71227551d4061e4023b6"} </msg>
<msg timestamp="20201124 20:46:26.223" level="INFO">To JSON using : pretty_print=False </msg>
<msg timestamp="20201124 20:46:26.223" level="INFO">${jsondata} = {'_id': '5fbd71227551d4061e4023b6'}</msg>
<status status="PASS" starttime="20201124 20:46:26.222" endtime="20201124 20:46:26.223"></status>
</kw>
<kw name="Create Dictionary" library="BuiltIn">
<doc>Creates and returns a dictionary based on the given ``items``.</doc>
<arguments>
<arg>_id=${jsondata['_id']}</arg>
</arguments>
<assign>
<var>${params}</var>
</assign>
<msg timestamp="20201124 20:46:26.223" level="INFO">${params} = {'_id': '5fbd71227551d4061e4023b6'}</msg>
<status status="PASS" starttime="20201124 20:46:26.223" endtime="20201124 20:46:26.223"></status>
</kw>
<kw name="Get Request" library="RequestsLibrary">
<doc>Send a GET request on the session object found using the
given `alias`</doc>
<arguments>
<arg>localhost</arg>
<arg>/api/v1/post</arg>
<arg>json=${params}</arg>
<arg>headers=${headers}</arg>
</arguments>
<assign>
<var>${resp}</var>
</assign>
<msg timestamp="20201124 20:46:26.227" level="INFO">GET Request : url=http://localhost:8080/api/v1/post 
 path_url=/api/v1/post 
 headers={'User-Agent': 'python-requests/2.25.0', 'Accept-Encoding': 'gzip, deflate', 'Accept': '*/*', 'Connection': 'keep-alive', 'Content-Type': 'application/json', 'Content-Length': '35'} 
 body=b'{"_id": "5fbd71227551d4061e4023b6"}' 
 </msg>
<msg timestamp="20201124 20:46:26.227" level="INFO">GET Response : url=http://localhost:8080/api/v1/post 
 status=200, reason=OK 
 body={"_id": {"$oid": "5fbd71227551d4061e4023b6"}, "title": "Emma Stone2", "author": "Jake Peralta", "content": "some content", "tags": ["a2", "test"]} 
 </msg>
<msg timestamp="20201124 20:46:26.227" level="INFO">${resp} = &lt;Response [200]&gt;</msg>
<status status="PASS" starttime="20201124 20:46:26.223" endtime="20201124 20:46:26.227"></status>
</kw>
<kw name="Should Be Equal As Strings" library="BuiltIn">
<doc>Fails if objects are unequal after converting them to strings.</doc>
<arguments>
<arg>${resp.status_code}</arg>
<arg>200</arg>
</arguments>
<msg timestamp="20201124 20:46:26.227" level="INFO">Argument types are:
&lt;class 'int'&gt;
&lt;type 'unicode'&gt;</msg>
<status status="PASS" starttime="20201124 20:46:26.227" endtime="20201124 20:46:26.228"></status>
</kw>
<status status="PASS" starttime="20201124 20:46:26.218" endtime="20201124 20:46:26.228" critical="yes"></status>
</test>
<test id="s1-s2-t3" name="TestPost404Title">
<kw name="Create Session" library="RequestsLibrary">
<doc>Create Session: create a HTTP session to a server</doc>
<arguments>
<arg>localhost</arg>
<arg>http://localhost:8080</arg>
</arguments>
<msg timestamp="20201124 20:46:26.228" level="INFO">Creating Session using : alias=localhost, url=http://localhost:8080, headers={},                     cookies={}, auth=None, timeout=None, proxies=None, verify=False,                     debug=0 </msg>
<status status="PASS" starttime="20201124 20:46:26.228" endtime="20201124 20:46:26.228"></status>
</kw>
<kw name="Create Dictionary" library="BuiltIn">
<doc>Creates and returns a dictionary based on the given ``items``.</doc>
<arguments>
<arg>Content-Type=application/json</arg>
</arguments>
<assign>
<var>${headers}</var>
</assign>
<msg timestamp="20201124 20:46:26.229" level="INFO">${headers} = {'Content-Type': 'application/json'}</msg>
<status status="PASS" starttime="20201124 20:46:26.229" endtime="20201124 20:46:26.229"></status>
</kw>
<kw name="Create Dictionary" library="BuiltIn">
<doc>Creates and returns a dictionary based on the given ``items``.</doc>
<arguments>
<arg>title=Emma Stone3</arg>
</arguments>
<assign>
<var>${params}</var>
</assign>
<msg timestamp="20201124 20:46:26.229" level="INFO">${params} = {'title': 'Emma Stone3'}</msg>
<status status="PASS" starttime="20201124 20:46:26.229" endtime="20201124 20:46:26.229"></status>
</kw>
<kw name="Get Request" library="RequestsLibrary">
<doc>Send a GET request on the session object found using the
given `alias`</doc>
<arguments>
<arg>localhost</arg>
<arg>/api/v1/post</arg>
<arg>json=${params}</arg>
<arg>headers=${headers}</arg>
</arguments>
<assign>
<var>${resp}</var>
</assign>
<msg timestamp="20201124 20:46:26.232" level="INFO">GET Request : url=http://localhost:8080/api/v1/post 
 path_url=/api/v1/post 
 headers={'User-Agent': 'python-requests/2.25.0', 'Accept-Encoding': 'gzip, deflate', 'Accept': '*/*', 'Connection': 'keep-alive', 'Content-Type': 'application/json', 'Content-Length': '24'} 
 body=b'{"title": "Emma Stone3"}' 
 </msg>
<msg timestamp="20201124 20:46:26.232" level="INFO">GET Response : url=http://localhost:8080/api/v1/post 
 status=404, reason=Not Found 
 body=None 
 </msg>
<msg timestamp="20201124 20:46:26.232" level="INFO">${resp} = &lt;Response [404]&gt;</msg>
<status status="PASS" starttime="20201124 20:46:26.229" endtime="20201124 20:46:26.232"></status>
</kw>
<kw name="Should Be Equal As Strings" library="BuiltIn">
<doc>Fails if objects are unequal after converting them to strings.</doc>
<arguments>
<arg>${resp.status_code}</arg>
<arg>404</arg>
</arguments>
<msg timestamp="20201124 20:46:26.232" level="INFO">Argument types are:
&lt;class 'int'&gt;
&lt;type 'unicode'&gt;</msg>
<status status="PASS" starttime="20201124 20:46:26.232" endtime="20201124 20:46:26.232"></status>
</kw>
<status status="PASS" starttime="20201124 20:46:26.228" endtime="20201124 20:46:26.233" critical="yes"></status>
</test>
<test id="s1-s2-t4" name="TestPost404ID">
<kw name="Create Session" library="RequestsLibrary">
<doc>Create Session: create a HTTP session to a server</doc>
<arguments>
<arg>localhost</arg>
<arg>http://localhost:8080</arg>
</arguments>
<msg timestamp="20201124 20:46:26.233" level="INFO">Creating Session using : alias=localhost, url=http://localhost:8080, headers={},                     cookies={}, auth=None, timeout=None, proxies=None, verify=False,                     debug=0 </msg>
<status status="PASS" starttime="20201124 20:46:26.233" endtime="20201124 20:46:26.234"></status>
</kw>
<kw name="Create Dictionary" library="BuiltIn">
<doc>Creates and returns a dictionary based on the given ``items``.</doc>
<arguments>
<arg>Content-Type=application/json</arg>
</arguments>
<assign>
<var>${headers}</var>
</assign>
<msg timestamp="20201124 20:46:26.234" level="INFO">${headers} = {'Content-Type': 'application/json'}</msg>
<status status="PASS" starttime="20201124 20:46:26.234" endtime="20201124 20:46:26.234"></status>
</kw>
<kw name="Create Dictionary" library="BuiltIn">
<doc>Creates and returns a dictionary based on the given ``items``.</doc>
<arguments>
<arg>_id=000000000000000000000000</arg>
</arguments>
<assign>
<var>${params}</var>
</assign>
<msg timestamp="20201124 20:46:26.234" level="INFO">${params} = {'_id': '000000000000000000000000'}</msg>
<status status="PASS" starttime="20201124 20:46:26.234" endtime="20201124 20:46:26.234"></status>
</kw>
<kw name="Get Request" library="RequestsLibrary">
<doc>Send a GET request on the session object found using the
given `alias`</doc>
<arguments>
<arg>localhost</arg>
<arg>/api/v1/post</arg>
<arg>json=${params}</arg>
<arg>headers=${headers}</arg>
</arguments>
<assign>
<var>${resp}</var>
</assign>
<msg timestamp="20201124 20:46:26.237" level="INFO">GET Request : url=http://localhost:8080/api/v1/post 
 path_url=/api/v1/post 
 headers={'User-Agent': 'python-requests/2.25.0', 'Accept-Encoding': 'gzip, deflate', 'Accept': '*/*', 'Connection': 'keep-alive', 'Content-Type': 'application/json', 'Content-Length': '35'} 
 body=b'{"_id": "000000000000000000000000"}' 
 </msg>
<msg timestamp="20201124 20:46:26.237" level="INFO">GET Response : url=http://localhost:8080/api/v1/post 
 status=404, reason=Not Found 
 body=None 
 </msg>
<msg timestamp="20201124 20:46:26.237" level="INFO">${resp} = &lt;Response [404]&gt;</msg>
<status status="PASS" starttime="20201124 20:46:26.234" endtime="20201124 20:46:26.237"></status>
</kw>
<kw name="Should Be Equal As Strings" library="BuiltIn">
<doc>Fails if objects are unequal after converting them to strings.</doc>
<arguments>
<arg>${resp.status_code}</arg>
<arg>404</arg>
</arguments>
<msg timestamp="20201124 20:46:26.237" level="INFO">Argument types are:
&lt;class 'int'&gt;
&lt;type 'unicode'&gt;</msg>
<status status="PASS" starttime="20201124 20:46:26.237" endtime="20201124 20:46:26.237"></status>
</kw>
<status status="PASS" starttime="20201124 20:46:26.233" endtime="20201124 20:46:26.237" critical="yes"></status>
</test>
<test id="s1-s2-t5" name="TestPost400">
<kw name="Create Session" library="RequestsLibrary">
<doc>Create Session: create a HTTP session to a server</doc>
<arguments>
<arg>localhost</arg>
<arg>http://localhost:8080</arg>
</arguments>
<msg timestamp="20201124 20:46:26.238" level="INFO">Creating Session using : alias=localhost, url=http://localhost:8080, headers={},                     cookies={}, auth=None, timeout=None, proxies=None, verify=False,                     debug=0 </msg>
<status status="PASS" starttime="20201124 20:46:26.238" endtime="20201124 20:46:26.238"></status>
</kw>
<kw name="Create Dictionary" library="BuiltIn">
<doc>Creates and returns a dictionary based on the given ``items``.</doc>
<arguments>
<arg>Content-Type=application/json</arg>
</arguments>
<assign>
<var>${headers}</var>
</assign>
<msg timestamp="20201124 20:46:26.239" level="INFO">${headers} = {'Content-Type': 'application/json'}</msg>
<status status="PASS" starttime="20201124 20:46:26.238" endtime="20201124 20:46:26.239"></status>
</kw>
<kw name="Create Dictionary" library="BuiltIn">
<doc>Creates and returns a dictionary based on the given ``items``.</doc>
<arguments>
<arg>i=csc301a2</arg>
</arguments>
<assign>
<var>${params}</var>
</assign>
<msg timestamp="20201124 20:46:26.239" level="INFO">${params} = {'i': 'csc301a2'}</msg>
<status status="PASS" starttime="20201124 20:46:26.239" endtime="20201124 20:46:26.239"></status>
</kw>
<kw name="Get Request" library="RequestsLibrary">
<doc>Send a GET request on the session object found using the
given `alias`</doc>
<arguments>
<arg>localhost</arg>
<arg>/api/v1/post</arg>
<arg>json=${params}</arg>
<arg>headers=${headers}</arg>
</arguments>
<assign>
<var>${resp}</var>
</assign>
<msg timestamp="20201124 20:46:26.241" level="INFO">GET Request : url=http://localhost:8080/api/v1/post 
 path_url=/api/v1/post 
 headers={'User-Agent': 'python-requests/2.25.0', 'Accept-Encoding': 'gzip, deflate', 'Accept': '*/*', 'Connection': 'keep-alive', 'Content-Type': 'application/json', 'Content-Length': '17'} 
 body=b'{"i": "csc301a2"}' 
 </msg>
<msg timestamp="20201124 20:46:26.241" level="INFO">GET Response : url=http://localhost:8080/api/v1/post 
 status=400, reason=Bad Request 
 body=None 
 </msg>
<msg timestamp="20201124 20:46:26.241" level="INFO">${resp} = &lt;Response [400]&gt;</msg>
<status status="PASS" starttime="20201124 20:46:26.239" endtime="20201124 20:46:26.241"></status>
</kw>
<kw name="Should Be Equal As Strings" library="BuiltIn">
<doc>Fails if objects are unequal after converting them to strings.</doc>
<arguments>
<arg>${resp.status_code}</arg>
<arg>400</arg>
</arguments>
<msg timestamp="20201124 20:46:26.242" level="INFO">Argument types are:
&lt;class 'int'&gt;
&lt;type 'unicode'&gt;</msg>
<status status="PASS" starttime="20201124 20:46:26.242" endtime="20201124 20:46:26.242"></status>
</kw>
<status status="PASS" starttime="20201124 20:46:26.238" endtime="20201124 20:46:26.242" critical="yes"></status>
</test>
<status status="PASS" starttime="20201124 20:46:26.189" endtime="20201124 20:46:26.242"></status>
</suite>
<suite id="s1-s3" name="Test3-405" source="/tests/Test3-405.robot">
<test id="s1-s3-t1" name="TestPost405">
<kw name="Create Session" library="RequestsLibrary">
<doc>Create Session: create a HTTP session to a server</doc>
<arguments>
<arg>localhost</arg>
<arg>http://localhost:8080</arg>
</arguments>
<msg timestamp="20201124 20:46:26.245" level="INFO">Creating Session using : alias=localhost, url=http://localhost:8080, headers={},                     cookies={}, auth=None, timeout=None, proxies=None, verify=False,                     debug=0 </msg>
<status status="PASS" starttime="20201124 20:46:26.245" endtime="20201124 20:46:26.246"></status>
</kw>
<kw name="Create Dictionary" library="BuiltIn">
<doc>Creates and returns a dictionary based on the given ``items``.</doc>
<arguments>
<arg>Content-Type=application/json</arg>
</arguments>
<assign>
<var>${headers}</var>
</assign>
<msg timestamp="20201124 20:46:26.246" level="INFO">${headers} = {'Content-Type': 'application/json'}</msg>
<status status="PASS" starttime="20201124 20:46:26.246" endtime="20201124 20:46:26.246"></status>
</kw>
<kw name="Create List" library="BuiltIn">
<doc>Returns a list containing given items.</doc>
<arguments>
<arg>a2</arg>
<arg>test</arg>
</arguments>
<assign>
<var>${list}</var>
</assign>
<msg timestamp="20201124 20:46:26.246" level="INFO">${list} = ['a2', 'test']</msg>
<status status="PASS" starttime="20201124 20:46:26.246" endtime="20201124 20:46:26.246"></status>
</kw>
<kw name="Create Dictionary" library="BuiltIn">
<doc>Creates and returns a dictionary based on the given ``items``.</doc>
<arguments>
<arg>title=Emma Stone</arg>
<arg>content=some content</arg>
<arg>tags=${list}</arg>
</arguments>
<assign>
<var>${params}</var>
</assign>
<msg timestamp="20201124 20:46:26.247" level="INFO">${params} = {'title': 'Emma Stone', 'content': 'some content', 'tags': ['a2', 'test']}</msg>
<status status="PASS" starttime="20201124 20:46:26.246" endtime="20201124 20:46:26.247"></status>
</kw>
<kw name="Post Request" library="RequestsLibrary">
<doc>Send a POST request on the session object found using the
given `alias`</doc>
<arguments>
<arg>localhost</arg>
<arg>/api/v1/post</arg>
<arg>data=${params}</arg>
<arg>headers=${headers}</arg>
</arguments>
<assign>
<var>${resp}</var>
</assign>
<msg timestamp="20201124 20:46:26.249" level="INFO">POST Request : url=http://localhost:8080/api/v1/post 
 path_url=/api/v1/post 
 headers={'User-Agent': 'python-requests/2.25.0', 'Accept-Encoding': 'gzip, deflate', 'Accept': '*/*', 'Connection': 'keep-alive', 'Content-Type': 'application/json', 'Content-Length': '74'} 
 body={"title": "Emma Stone", "content": "some content", "tags": ["a2", "test"]} 
 </msg>
<msg timestamp="20201124 20:46:26.249" level="INFO">POST Response : url=http://localhost:8080/api/v1/post 
 status=405, reason=Method Not Allowed 
 body=None 
 </msg>
<msg timestamp="20201124 20:46:26.249" level="INFO">${resp} = &lt;Response [405]&gt;</msg>
<status status="PASS" starttime="20201124 20:46:26.247" endtime="20201124 20:46:26.249"></status>
</kw>
<kw name="Should Be Equal As Strings" library="BuiltIn">
<doc>Fails if objects are unequal after converting them to strings.</doc>
<arguments>
<arg>${resp.status_code}</arg>
<arg>405</arg>
</arguments>
<msg timestamp="20201124 20:46:26.249" level="INFO">Argument types are:
&lt;class 'int'&gt;
&lt;type 'unicode'&gt;</msg>
<status status="PASS" starttime="20201124 20:46:26.249" endtime="20201124 20:46:26.249"></status>
</kw>
<status status="PASS" starttime="20201124 20:46:26.245" endtime="20201124 20:46:26.249" critical="yes"></status>
</test>
<status status="PASS" starttime="20201124 20:46:26.243" endtime="20201124 20:46:26.250"></status>
</suite>
<suite id="s1-s4" name="Test4DELETE" source="/tests/Test4DELETE.robot">
<test id="s1-s4-t1" name="TestPost200ID">
<kw name="Create Session" library="RequestsLibrary">
<doc>Create Session: create a HTTP session to a server</doc>
<arguments>
<arg>localhost</arg>
<arg>http://localhost:8080</arg>
</arguments>
<msg timestamp="20201124 20:46:26.253" level="INFO">Creating Session using : alias=localhost, url=http://localhost:8080, headers={},                     cookies={}, auth=None, timeout=None, proxies=None, verify=False,                     debug=0 </msg>
<status status="PASS" starttime="20201124 20:46:26.253" endtime="20201124 20:46:26.253"></status>
</kw>
<kw name="Create Dictionary" library="BuiltIn">
<doc>Creates and returns a dictionary based on the given ``items``.</doc>
<arguments>
<arg>Content-Type=application/json</arg>
</arguments>
<assign>
<var>${headers}</var>
</assign>
<msg timestamp="20201124 20:46:26.253" level="INFO">${headers} = {'Content-Type': 'application/json'}</msg>
<status status="PASS" starttime="20201124 20:46:26.253" endtime="20201124 20:46:26.253"></status>
</kw>
<kw name="Create List" library="BuiltIn">
<doc>Returns a list containing given items.</doc>
<arguments>
<arg>a2</arg>
<arg>test</arg>
</arguments>
<assign>
<var>${list}</var>
</assign>
<msg timestamp="20201124 20:46:26.254" level="INFO">${list} = ['a2', 'test']</msg>
<status status="PASS" starttime="20201124 20:46:26.253" endtime="20201124 20:46:26.254"></status>
</kw>
<kw name="Create Dictionary" library="BuiltIn">
<doc>Creates and returns a dictionary based on the given ``items``.</doc>
<arguments>
<arg>title=Emma Stone2</arg>
<arg>author=Jake Peralta</arg>
<arg>content=some content</arg>
<arg>tags=${list}</arg>
</arguments>
<assign>
<var>${params}</var>
</assign>
<msg timestamp="20201124 20:46:26.254" level="INFO">${params} = {'title': 'Emma Stone2', 'author': 'Jake Peralta', 'content': 'some content', 'tags': ['a2', 'test']}</msg>
<status status="PASS" starttime="20201124 20:46:26.254" endtime="20201124 20:46:26.254"></status>
</kw>
<kw name="Put Request" library="RequestsLibrary">
<doc>Send a PUT request on the session object found using the
given `alias`</doc>
<arguments>
<arg>localhost</arg>
<arg>/api/v1/post</arg>
<arg>data=${params}</arg>
<arg>headers=${headers}</arg>
</arguments>
<assign>
<var>${resp}</var>
</assign>
<msg timestamp="20201124 20:46:26.257" level="INFO">PUT Request : url=http://localhost:8080/api/v1/post 
 path_url=/api/v1/post 
 headers={'User-Agent': 'python-requests/2.25.0', 'Accept-Encoding': 'gzip, deflate', 'Accept': '*/*', 'Connection': 'keep-alive', 'Content-Type': 'application/json', 'Content-Length': '101'} 
 body={"title": "Emma Stone2", "author": "Jake Peralta", "content": "some content", "tags": ["a2", "test"]} 
 </msg>
<msg timestamp="20201124 20:46:26.257" level="INFO">PUT Response : url=http://localhost:8080/api/v1/post 
 status=200, reason=OK 
 body={"_id": "5fbd71227551d4061e4023b7"} 
 </msg>
<msg timestamp="20201124 20:46:26.257" level="INFO">${resp} = &lt;Response [200]&gt;</msg>
<status status="PASS" starttime="20201124 20:46:26.254" endtime="20201124 20:46:26.257"></status>
</kw>
<kw name="To Json" library="RequestsLibrary">
<doc>Convert a string to a JSON object</doc>
<arguments>
<arg>${resp.content}</arg>
</arguments>
<assign>
<var>${jsondata}</var>
</assign>
<msg timestamp="20201124 20:46:26.258" level="INFO">To JSON using : content={"_id": "5fbd71227551d4061e4023b7"} </msg>
<msg timestamp="20201124 20:46:26.258" level="INFO">To JSON using : pretty_print=False </msg>
<msg timestamp="20201124 20:46:26.258" level="INFO">${jsondata} = {'_id': '5fbd71227551d4061e4023b7'}</msg>
<status status="PASS" starttime="20201124 20:46:26.257" endtime="20201124 20:46:26.258"></status>
</kw>
<kw name="Create Dictionary" library="BuiltIn">
<doc>Creates and returns a dictionary based on the given ``items``.</doc>
<arguments>
<arg>_id=${jsondata['_id']}</arg>
</arguments>
<assign>
<var>${params}</var>
</assign>
<msg timestamp="20201124 20:46:26.258" level="INFO">${params} = {'_id': '5fbd71227551d4061e4023b7'}</msg>
<status status="PASS" starttime="20201124 20:46:26.258" endtime="20201124 20:46:26.258"></status>
</kw>
<kw name="Delete Request" library="RequestsLibrary">
<doc>Send a DELETE request on the session object found using the
given `alias`</doc>
<arguments>
<arg>localhost</arg>
<arg>/api/v1/post</arg>
<arg>data=${params}</arg>
<arg>headers=${headers}</arg>
</arguments>
<assign>
<var>${resp}</var>
</assign>
<msg timestamp="20201124 20:46:26.263" level="INFO">DELETE Request : url=http://localhost:8080/api/v1/post 
 path_url=/api/v1/post 
 headers={'User-Agent': 'python-requests/2.25.0', 'Accept-Encoding': 'gzip, deflate', 'Accept': '*/*', 'Connection': 'keep-alive', 'Content-Type': 'application/json', 'Content-Length': '35'} 
 body={"_id": "5fbd71227551d4061e4023b7"} 
 </msg>
<msg timestamp="20201124 20:46:26.263" level="INFO">DELETE Response : url=http://localhost:8080/api/v1/post 
 status=200, reason=OK 
 body=None 
 </msg>
<msg timestamp="20201124 20:46:26.263" level="INFO">${resp} = &lt;Response [200]&gt;</msg>
<status status="PASS" starttime="20201124 20:46:26.259" endtime="20201124 20:46:26.263"></status>
</kw>
<kw name="Should Be Equal As Strings" library="BuiltIn">
<doc>Fails if objects are unequal after converting them to strings.</doc>
<arguments>
<arg>${resp.status_code}</arg>
<arg>200</arg>
</arguments>
<msg timestamp="20201124 20:46:26.263" level="INFO">Argument types are:
&lt;class 'int'&gt;
&lt;type 'unicode'&gt;</msg>
<status status="PASS" starttime="20201124 20:46:26.263" endtime="20201124 20:46:26.263"></status>
</kw>
<status status="PASS" starttime="20201124 20:46:26.252" endtime="20201124 20:46:26.263" critical="yes"></status>
</test>
<test id="s1-s4-t2" name="TestPost404ID">
<kw name="Create Session" library="RequestsLibrary">
<doc>Create Session: create a HTTP session to a server</doc>
<arguments>
<arg>localhost</arg>
<arg>http://localhost:8080</arg>
</arguments>
<msg timestamp="20201124 20:46:26.264" level="INFO">Creating Session using : alias=localhost, url=http://localhost:8080, headers={},                     cookies={}, auth=None, timeout=None, proxies=None, verify=False,                     debug=0 </msg>
<status status="PASS" starttime="20201124 20:46:26.264" endtime="20201124 20:46:26.264"></status>
</kw>
<kw name="Create Dictionary" library="BuiltIn">
<doc>Creates and returns a dictionary based on the given ``items``.</doc>
<arguments>
<arg>Content-Type=application/json</arg>
</arguments>
<assign>
<var>${headers}</var>
</assign>
<msg timestamp="20201124 20:46:26.265" level="INFO">${headers} = {'Content-Type': 'application/json'}</msg>
<status status="PASS" starttime="20201124 20:46:26.264" endtime="20201124 20:46:26.265"></status>
</kw>
<kw name="Create Dictionary" library="BuiltIn">
<doc>Creates and returns a dictionary based on the given ``items``.</doc>
<arguments>
<arg>_id=000000000000000000000000</arg>
</arguments>
<assign>
<var>${params}</var>
</assign>
<msg timestamp="20201124 20:46:26.265" level="INFO">${params} = {'_id': '000000000000000000000000'}</msg>
<status status="PASS" starttime="20201124 20:46:26.265" endtime="20201124 20:46:26.265"></status>
</kw>
<kw name="Delete Request" library="RequestsLibrary">
<doc>Send a DELETE request on the session object found using the
given `alias`</doc>
<arguments>
<arg>localhost</arg>
<arg>/api/v1/post</arg>
<arg>data=${params}</arg>
<arg>headers=${headers}</arg>
</arguments>
<assign>
<var>${resp}</var>
</assign>
<msg timestamp="20201124 20:46:26.268" level="INFO">DELETE Request : url=http://localhost:8080/api/v1/post 
 path_url=/api/v1/post 
 headers={'User-Agent': 'python-requests/2.25.0', 'Accept-Encoding': 'gzip, deflate', 'Accept': '*/*', 'Connection': 'keep-alive', 'Content-Type': 'application/json', 'Content-Length': '35'} 
 body={"_id": "000000000000000000000000"} 
 </msg>
<msg timestamp="20201124 20:46:26.268" level="INFO">DELETE Response : url=http://localhost:8080/api/v1/post 
 status=404, reason=Not Found 
 body=None 
 </msg>
<msg timestamp="20201124 20:46:26.268" level="INFO">${resp} = &lt;Response [404]&gt;</msg>
<status status="PASS" starttime="20201124 20:46:26.265" endtime="20201124 20:46:26.268"></status>
</kw>
<kw name="Should Be Equal As Strings" library="BuiltIn">
<doc>Fails if objects are unequal after converting them to strings.</doc>
<arguments>
<arg>${resp.status_code}</arg>
<arg>404</arg>
</arguments>
<msg timestamp="20201124 20:46:26.268" level="INFO">Argument types are:
&lt;class 'int'&gt;
&lt;type 'unicode'&gt;</msg>
<status status="PASS" starttime="20201124 20:46:26.268" endtime="20201124 20:46:26.268"></status>
</kw>
<status status="PASS" starttime="20201124 20:46:26.264" endtime="20201124 20:46:26.268" critical="yes"></status>
</test>
<test id="s1-s4-t3" name="TestPost400">
<kw name="Create Session" library="RequestsLibrary">
<doc>Create Session: create a HTTP session to a server</doc>
<arguments>
<arg>localhost</arg>
<arg>http://localhost:8080</arg>
</arguments>
<msg timestamp="20201124 20:46:26.269" level="INFO">Creating Session using : alias=localhost, url=http://localhost:8080, headers={},                     cookies={}, auth=None, timeout=None, proxies=None, verify=False,                     debug=0 </msg>
<status status="PASS" starttime="20201124 20:46:26.269" endtime="20201124 20:46:26.269"></status>
</kw>
<kw name="Create Dictionary" library="BuiltIn">
<doc>Creates and returns a dictionary based on the given ``items``.</doc>
<arguments>
<arg>Content-Type=application/json</arg>
</arguments>
<assign>
<var>${headers}</var>
</assign>
<msg timestamp="20201124 20:46:26.269" level="INFO">${headers} = {'Content-Type': 'application/json'}</msg>
<status status="PASS" starttime="20201124 20:46:26.269" endtime="20201124 20:46:26.269"></status>
</kw>
<kw name="Create Dictionary" library="BuiltIn">
<doc>Creates and returns a dictionary based on the given ``items``.</doc>
<arguments>
<arg>i=csc301a2</arg>
</arguments>
<assign>
<var>${params}</var>
</assign>
<msg timestamp="20201124 20:46:26.270" level="INFO">${params} = {'i': 'csc301a2'}</msg>
<status status="PASS" starttime="20201124 20:46:26.270" endtime="20201124 20:46:26.270"></status>
</kw>
<kw name="Delete Request" library="RequestsLibrary">
<doc>Send a DELETE request on the session object found using the
given `alias`</doc>
<arguments>
<arg>localhost</arg>
<arg>/api/v1/post</arg>
<arg>data=${params}</arg>
<arg>headers=${headers}</arg>
</arguments>
<assign>
<var>${resp}</var>
</assign>
<msg timestamp="20201124 20:46:26.272" level="INFO">DELETE Request : url=http://localhost:8080/api/v1/post 
 path_url=/api/v1/post 
 headers={'User-Agent': 'python-requests/2.25.0', 'Accept-Encoding': 'gzip, deflate', 'Accept': '*/*', 'Connection': 'keep-alive', 'Content-Type': 'application/json', 'Content-Length': '17'} 
 body={"i": "csc301a2"} 
 </msg>
<msg timestamp="20201124 20:46:26.272" level="INFO">DELETE Response : url=http://localhost:8080/api/v1/post 
 status=400, reason=Bad Request 
 body=None 
 </msg>
<msg timestamp="20201124 20:46:26.272" level="INFO">${resp} = &lt;Response [400]&gt;</msg>
<status status="PASS" starttime="20201124 20:46:26.270" endtime="20201124 20:46:26.272"></status>
</kw>
<kw name="Should Be Equal As Strings" library="BuiltIn">
<doc>Fails if objects are unequal after converting them to strings.</doc>
<arguments>
<arg>${resp.status_code}</arg>
<arg>400</arg>
</arguments>
<msg timestamp="20201124 20:46:26.272" level="INFO">Argument types are:
&lt;class 'int'&gt;
&lt;type 'unicode'&gt;</msg>
<status status="PASS" starttime="20201124 20:46:26.272" endtime="20201124 20:46:26.272"></status>
</kw>
<status status="PASS" starttime="20201124 20:46:26.268" endtime="20201124 20:46:26.273" critical="yes"></status>
</test>
<status status="PASS" starttime="20201124 20:46:26.250" endtime="20201124 20:46:26.273"></status>
</suite>
<status status="PASS" starttime="20201124 20:46:24.541" endtime="20201124 20:46:26.274"></status>
</suite>
<statistics>
<total>
<stat pass="11" fail="0">Critical Tests</stat>
<stat pass="11" fail="0">All Tests</stat>
</total>
<tag>
</tag>
<suite>
<stat pass="11" fail="0" id="s1" name="Tests">Tests</stat>
<stat pass="2" fail="0" id="s1-s1" name="Test1PUT">Tests.Test1PUT</stat>
<stat pass="5" fail="0" id="s1-s2" name="Test2GET">Tests.Test2GET</stat>
<stat pass="1" fail="0" id="s1-s3" name="Test3-405">Tests.Test3-405</stat>
<stat pass="3" fail="0" id="s1-s4" name="Test4DELETE">Tests.Test4DELETE</stat>
</suite>
</statistics>
<errors>
</errors>
</robot>
